<?xml version="1.0" encoding="UTF-8"?>
<!-- Generated by org.testng.reporters.JUnitReportReporter -->
<testsuite hostname="PRASHANT" failures="0" tests="3" name="com.example.SimpleTest" time="0.011" errors="0" timestamp="2025-09-28T23:06:11 IST" skipped="0">
  <testcase classname="com.example.SimpleTest" name="testAddition" time="0.003"/>
  <testcase classname="com.example.SimpleTest" name="testSoftAssert" time="0.008"/>
  <testcase classname="com.example.SimpleTest" name="testString" time="0.000"/>
</testsuite> <!-- com.example.SimpleTest -->
